[ 2017-05-24T08:37:22+08:00 ] ::1 /
INFO: [ app_init ] --START--
INFO: Run Common\Behavior\InitHook [ RunTime:0.000000s ]
INFO: [ app_init ] --END-- [ RunTime:0.000000s ]
INFO: [ app_begin ] --START--
INFO: Run Behavior\ReadHtmlCache [ RunTime:0.000000s ]
INFO: [ app_begin ] --END-- [ RunTime:0.000000s ]
SQL: SHOW COLUMNS FROM `onethink_category` [ RunTime:0.063400s ]
SQL: SELECT `id`,`name`,`title`,`pid`,`sort`,`list_row`,`meta_title`,`keywords`,`description`,`template_index`,`template_lists`,`template_detail`,`template_edit`,`model`,`type`,`link_id`,`allow_publish`,`display`,`reply`,`check`,`reply_model`,`extend`,`create_time`,`update_time`,`status`,`icon` FROM `onethink_category` WHERE ( `status` = 1 ) ORDER BY sort  [ RunTime:0.062401s ]
SQL: SHOW COLUMNS FROM `onethink_document` [ RunTime:0.062400s ]
SQL: SELECT `id`,`uid`,`name`,`title`,`category_id`,`description`,`root`,`pid`,`model_id`,`type`,`position`,`link_id`,`cover_id`,`display`,`deadline`,`attach`,`view`,`comment`,`extend`,`level`,`create_time`,`update_time`,`status` FROM `onethink_document` WHERE ( `status` = 1 ) AND ( `pid` = 0 ) AND ( `create_time` < 1495586239 ) AND ( deadline = 0 OR deadline > 1495586239 ) ORDER BY `id` DESC  [ RunTime:0.059201s ]
SQL: SELECT * FROM `onethink_document` WHERE ( status=1 and position=4 and category_id=43 ) ORDER BY level desc  [ RunTime:0.079604s ]
SQL: SELECT * FROM `onethink_document` WHERE ( status=1 and position=4 and category_id=41 ) ORDER BY level desc  [ RunTime:0.067004s ]
SQL: SHOW COLUMNS FROM `onethink_document` [ RunTime:0.068004s ]
SQL: SELECT * FROM `onethink_document` WHERE ( status=1 and category_id=48 and position=2 ) ORDER BY level desc  [ RunTime:0.067004s ]
SQL: SHOW COLUMNS FROM `onethink_document_lx` [ RunTime:0.067003s ]
SQL: SELECT * FROM `onethink_document_lx` LIMIT 1   [ RunTime:0.084005s ]
SQL: SHOW COLUMNS FROM `onethink_document` [ RunTime:0.072004s ]
SQL: SELECT `id`,`uid`,`name`,`title`,`category_id`,`description`,`root`,`pid`,`model_id`,`type`,`position`,`link_id`,`cover_id`,`display`,`deadline`,`attach`,`view`,`comment`,`extend`,`level`,`create_time`,`update_time`,`status` FROM `onethink_document` WHERE ( deadline = 0 OR deadline > 1495586239 ) AND ( `status` = 1 ) AND ( `pid` = 0 ) AND ( `category_id` = 39 ) AND ( `create_time` < 1495586239 ) ORDER BY `id` DESC  [ RunTime:0.068004s ]
SQL: SHOW COLUMNS FROM `onethink_config` [ RunTime:0.067004s ]
SQL: SELECT * FROM `onethink_config` WHERE ( status=1 and id in(1,2,3) )  [ RunTime:0.066004s ]
SQL: SELECT * FROM `onethink_document` WHERE ( status=1 and category_id=48 and position=4 ) ORDER BY level desc  [ RunTime:0.067004s ]
INFO: [ view_parse ] --START--
INFO: [ template_filter ] --START--
INFO: Run Behavior\ContentReplace [ RunTime:0.000000s ]
INFO: [ template_filter ] --END-- [ RunTime:0.000000s ]
NOTIC: [8] Undefined index: id E:\phpStudy\WWW\Runtime\Cache\Home\769e70f2e46f34ceb60619bbda5e4691.php 第 192 行.
NOTIC: [8] Undefined index: id E:\phpStudy\WWW\Runtime\Cache\Home\769e70f2e46f34ceb60619bbda5e4691.php 第 193 行.
NOTIC: [8] Undefined index: id E:\phpStudy\WWW\Runtime\Cache\Home\769e70f2e46f34ceb60619bbda5e4691.php 第 194 行.
NOTIC: [8] Undefined index: id E:\phpStudy\WWW\Runtime\Cache\Home\769e70f2e46f34ceb60619bbda5e4691.php 第 195 行.
NOTIC: [8] Undefined index: id E:\phpStudy\WWW\Runtime\Cache\Home\769e70f2e46f34ceb60619bbda5e4691.php 第 196 行.
NOTIC: [8] Undefined index: id E:\phpStudy\WWW\Runtime\Cache\Home\769e70f2e46f34ceb60619bbda5e4691.php 第 197 行.
NOTIC: [8] Undefined index: id E:\phpStudy\WWW\Runtime\Cache\Home\769e70f2e46f34ceb60619bbda5e4691.php 第 198 行.
SQL: SHOW COLUMNS FROM `onethink_picture` [ RunTime:0.066004s ]
SQL: SELECT * FROM `onethink_picture` WHERE ( `id` = 14 ) LIMIT 1   [ RunTime:0.066004s ]
SQL: SELECT * FROM `onethink_picture` WHERE ( `id` = 3 ) LIMIT 1   [ RunTime:0.065603s ]
SQL: SELECT * FROM `onethink_picture` WHERE ( `id` = 4 ) LIMIT 1   [ RunTime:0.065003s ]
SQL: SELECT * FROM `onethink_picture` WHERE ( `id` = 8 ) LIMIT 1   [ RunTime:0.072005s ]
SQL: SELECT * FROM `onethink_picture` WHERE ( `id` = 7 ) LIMIT 1   [ RunTime:0.069003s ]
SQL: SELECT * FROM `onethink_picture` WHERE ( `id` = 8 ) LIMIT 1   [ RunTime:0.065004s ]
SQL: SELECT * FROM `onethink_picture` WHERE ( `id` = 7 ) LIMIT 1   [ RunTime:0.057801s ]
SQL: SHOW COLUMNS FROM `onethink_document_article` [ RunTime:0.062400s ]
SQL: SELECT * FROM `onethink_document_article` WHERE ( id = 2 ) LIMIT 1   [ RunTime:0.081401s ]
NOTIC: [8] Undefined offset: 43 E:\phpStudy\WWW\Runtime\Cache\Home\769e70f2e46f34ceb60619bbda5e4691.php 第 252 行.
SQL: SELECT * FROM `onethink_picture` LIMIT 1   [ RunTime:0.066004s ]
NOTIC: [8] Undefined offset: 43 E:\phpStudy\WWW\Runtime\Cache\Home\769e70f2e46f34ceb60619bbda5e4691.php 第 252 行.
SQL: SELECT * FROM `onethink_picture` LIMIT 1   [ RunTime:0.063801s ]
SQL: SELECT * FROM `onethink_picture` WHERE ( `id` = 2 ) LIMIT 1   [ RunTime:0.063400s ]
SQL: SELECT * FROM `onethink_picture` WHERE ( `id` = 2 ) LIMIT 1   [ RunTime:0.071401s ]
SQL: SELECT * FROM `onethink_picture` WHERE ( `id` = 2 ) LIMIT 1   [ RunTime:0.066004s ]
INFO: Run Behavior\ParseTemplate [ RunTime:1.025839s ]
INFO: [ view_parse ] --END-- [ RunTime:1.025839s ]
INFO: [ view_filter ] --START--
INFO: Run Behavior\WriteHtmlCache [ RunTime:0.000000s ]
INFO: [ view_filter ] --END-- [ RunTime:0.000000s ]
INFO: [ app_end ] --START--
INFO: Run Behavior\ShowPageTrace [ RunTime:0.001000s ]
INFO: [ app_end ] --END-- [ RunTime:0.001000s ]

